[ 2016-04-28T23:10:49+08:00 ] ::1 /Moderna/index.php/Admin/Index/index
INFO: [ app_init ] --START--
INFO: Run Behavior\BuildLiteBehavior [ RunTime:0.000000s ]
INFO: [ app_init ] --END-- [ RunTime:0.001000s ]
INFO: [ app_begin ] --START--
INFO: Run Behavior\ReadHtmlCacheBehavior [ RunTime:0.001000s ]
INFO: [ app_begin ] --END-- [ RunTime:0.001000s ]
INFO: [ view_parse ] --START--
INFO: [ template_filter ] --START--
INFO: Run Behavior\ContentReplaceBehavior [ RunTime:0.001000s ]
INFO: [ template_filter ] --END-- [ RunTime:0.001000s ]
INFO: Run Behavior\ParseTemplateBehavior [ RunTime:0.026001s ]
INFO: [ view_parse ] --END-- [ RunTime:0.026001s ]
INFO: [ view_filter ] --START--
INFO: Run Behavior\WriteHtmlCacheBehavior [ RunTime:0.001000s ]
INFO: [ view_filter ] --END-- [ RunTime:0.001000s ]
INFO: [ app_end ] --START--
INFO: Run Behavior\ShowPageTraceBehavior [ RunTime:0.001000s ]
INFO: [ app_end ] --END-- [ RunTime:0.002000s ]

[ 2016-04-28T23:11:06+08:00 ] ::1 /Moderna/index.php/Admin/Product/index
INFO: [ app_init ] --START--
INFO: Run Behavior\BuildLiteBehavior [ RunTime:0.000000s ]
INFO: [ app_init ] --END-- [ RunTime:0.001000s ]
INFO: [ app_begin ] --START--
INFO: Run Behavior\ReadHtmlCacheBehavior [ RunTime:0.001000s ]
INFO: [ app_begin ] --END-- [ RunTime:0.001000s ]
SQL: SHOW COLUMNS FROM `xw_product` [ RunTime:0.0020s ]
SQL: SELECT * FROM `xw_product`  [ RunTime:0.0000s ]
INFO: [ view_parse ] --START--
INFO: [ template_filter ] --START--
INFO: Run Behavior\ContentReplaceBehavior [ RunTime:0.001000s ]
INFO: [ template_filter ] --END-- [ RunTime:0.001000s ]
INFO: Run Behavior\ParseTemplateBehavior [ RunTime:0.028002s ]
INFO: [ view_parse ] --END-- [ RunTime:0.029002s ]
INFO: [ view_filter ] --START--
INFO: Run Behavior\WriteHtmlCacheBehavior [ RunTime:0.001000s ]
INFO: [ view_filter ] --END-- [ RunTime:0.002000s ]
INFO: [ app_end ] --START--
INFO: Run Behavior\ShowPageTraceBehavior [ RunTime:0.001000s ]
INFO: [ app_end ] --END-- [ RunTime:0.001000s ]

[ 2016-04-28T23:12:09+08:00 ] ::1 /Moderna/index.php/Admin/Product/index
INFO: [ app_init ] --START--
INFO: Run Behavior\BuildLiteBehavior [ RunTime:0.000000s ]
INFO: [ app_init ] --END-- [ RunTime:0.001000s ]
INFO: [ app_begin ] --START--
INFO: Run Behavior\ReadHtmlCacheBehavior [ RunTime:0.001000s ]
INFO: [ app_begin ] --END-- [ RunTime:0.001000s ]
SQL: SHOW COLUMNS FROM `xw_product` [ RunTime:0.0030s ]
SQL: SELECT * FROM `xw_product`  [ RunTime:0.0000s ]
INFO: [ view_parse ] --START--
INFO: [ template_filter ] --START--
INFO: Run Behavior\ContentReplaceBehavior [ RunTime:0.001000s ]
INFO: [ template_filter ] --END-- [ RunTime:0.001000s ]
INFO: Run Behavior\ParseTemplateBehavior [ RunTime:0.032002s ]
INFO: [ view_parse ] --END-- [ RunTime:0.032002s ]
INFO: [ view_filter ] --START--
INFO: Run Behavior\WriteHtmlCacheBehavior [ RunTime:0.000000s ]
INFO: [ view_filter ] --END-- [ RunTime:0.002000s ]
INFO: [ app_end ] --START--
INFO: Run Behavior\ShowPageTraceBehavior [ RunTime:0.000000s ]
INFO: [ app_end ] --END-- [ RunTime:0.002000s ]

[ 2016-04-28T23:12:23+08:00 ] ::1 /Moderna/index.php/Admin/Product/deletePic/id/1
INFO: [ app_init ] --START--
INFO: Run Behavior\BuildLiteBehavior [ RunTime:0.000000s ]
INFO: [ app_init ] --END-- [ RunTime:0.001000s ]
INFO: [ app_begin ] --START--
INFO: Run Behavior\ReadHtmlCacheBehavior [ RunTime:0.001000s ]
INFO: [ app_begin ] --END-- [ RunTime:0.001000s ]
INFO: [ app_end ] --START--
INFO: Run Behavior\ShowPageTraceBehavior [ RunTime:0.001000s ]
INFO: [ app_end ] --END-- [ RunTime:0.001000s ]

[ 2016-04-28T23:12:26+08:00 ] ::1 /Moderna/index.php/Admin/Product/deletePic/id/2
INFO: [ app_init ] --START--
INFO: Run Behavior\BuildLiteBehavior [ RunTime:0.000000s ]
INFO: [ app_init ] --END-- [ RunTime:0.001000s ]
INFO: [ app_begin ] --START--
INFO: Run Behavior\ReadHtmlCacheBehavior [ RunTime:0.001000s ]
INFO: [ app_begin ] --END-- [ RunTime:0.001000s ]
INFO: [ app_end ] --START--
INFO: Run Behavior\ShowPageTraceBehavior [ RunTime:0.001000s ]
INFO: [ app_end ] --END-- [ RunTime:0.001000s ]

[ 2016-04-28T23:17:54+08:00 ] ::1 /Moderna/index.php/Admin/Product/index
INFO: [ app_init ] --START--
INFO: Run Behavior\BuildLiteBehavior [ RunTime:0.000000s ]
INFO: [ app_init ] --END-- [ RunTime:0.001000s ]
INFO: [ app_begin ] --START--
INFO: Run Behavior\ReadHtmlCacheBehavior [ RunTime:0.000000s ]
INFO: [ app_begin ] --END-- [ RunTime:0.002000s ]
SQL: SHOW COLUMNS FROM `xw_product` [ RunTime:0.0020s ]
SQL: SELECT * FROM `xw_product`  [ RunTime:0.0000s ]
INFO: [ view_parse ] --START--
INFO: [ template_filter ] --START--
INFO: Run Behavior\ContentReplaceBehavior [ RunTime:0.000000s ]
INFO: [ template_filter ] --END-- [ RunTime:0.001000s ]
INFO: Run Behavior\ParseTemplateBehavior [ RunTime:0.031001s ]
INFO: [ view_parse ] --END-- [ RunTime:0.032001s ]
INFO: [ view_filter ] --START--
INFO: Run Behavior\WriteHtmlCacheBehavior [ RunTime:0.001001s ]
INFO: [ view_filter ] --END-- [ RunTime:0.001001s ]
INFO: [ app_end ] --START--
INFO: Run Behavior\ShowPageTraceBehavior [ RunTime:0.001000s ]
INFO: [ app_end ] --END-- [ RunTime:0.002000s ]

[ 2016-04-28T23:17:56+08:00 ] ::1 /Moderna/index.php/Admin/Product/deletePic/id/1
INFO: [ app_init ] --START--
INFO: Run Behavior\BuildLiteBehavior [ RunTime:0.000000s ]
INFO: [ app_init ] --END-- [ RunTime:0.001000s ]
INFO: [ app_begin ] --START--
INFO: Run Behavior\ReadHtmlCacheBehavior [ RunTime:0.000000s ]
INFO: [ app_begin ] --END-- [ RunTime:0.002000s ]
SQL: SHOW COLUMNS FROM `xw_product` [ RunTime:0.0030s ]
SQL: SELECT * FROM `xw_product` WHERE `id` = 1 LIMIT 1   [ RunTime:0.0000s ]
INFO: [ app_end ] --START--
INFO: Run Behavior\ShowPageTraceBehavior [ RunTime:0.001000s ]
INFO: [ app_end ] --END-- [ RunTime:0.001000s ]

[ 2016-04-28T23:18:29+08:00 ] ::1 /Moderna/index.php/Admin/Product/deletePic/id/1
INFO: [ app_init ] --START--
INFO: Run Behavior\BuildLiteBehavior [ RunTime:0.000000s ]
INFO: [ app_init ] --END-- [ RunTime:0.001000s ]
INFO: [ app_begin ] --START--
INFO: Run Behavior\ReadHtmlCacheBehavior [ RunTime:0.001000s ]
INFO: [ app_begin ] --END-- [ RunTime:0.001000s ]
SQL: SHOW COLUMNS FROM `xw_product` [ RunTime:0.0020s ]
SQL: SELECT * FROM `xw_product` WHERE `id` = 1 LIMIT 1   [ RunTime:0.0000s ]
INFO: [ app_end ] --START--
INFO: Run Behavior\ShowPageTraceBehavior [ RunTime:0.001000s ]
INFO: [ app_end ] --END-- [ RunTime:0.001000s ]

[ 2016-04-28T23:35:12+08:00 ] ::1 /Moderna/index.php/Admin/Product/index
INFO: [ app_init ] --START--
INFO: Run Behavior\BuildLiteBehavior [ RunTime:0.000000s ]
INFO: [ app_init ] --END-- [ RunTime:0.001000s ]
INFO: [ app_begin ] --START--
INFO: Run Behavior\ReadHtmlCacheBehavior [ RunTime:0.001000s ]
INFO: [ app_begin ] --END-- [ RunTime:0.001000s ]
SQL: SHOW COLUMNS FROM `xw_product` [ RunTime:0.0020s ]
SQL: SELECT * FROM `xw_product`  [ RunTime:0.0000s ]
INFO: [ view_parse ] --START--
INFO: [ template_filter ] --START--
INFO: Run Behavior\ContentReplaceBehavior [ RunTime:0.001001s ]
INFO: [ template_filter ] --END-- [ RunTime:0.001001s ]
INFO: Run Behavior\ParseTemplateBehavior [ RunTime:0.032002s ]
INFO: [ view_parse ] --END-- [ RunTime:0.032002s ]
INFO: [ view_filter ] --START--
INFO: Run Behavior\WriteHtmlCacheBehavior [ RunTime:0.001000s ]
INFO: [ view_filter ] --END-- [ RunTime:0.001000s ]
INFO: [ app_end ] --START--
INFO: Run Behavior\ShowPageTraceBehavior [ RunTime:0.002001s ]
INFO: [ app_end ] --END-- [ RunTime:0.002001s ]

[ 2016-04-28T23:35:14+08:00 ] ::1 /Moderna/index.php/Admin/Product/deletePic/id/1
INFO: [ app_init ] --START--
INFO: Run Behavior\BuildLiteBehavior [ RunTime:0.000000s ]
INFO: [ app_init ] --END-- [ RunTime:0.001000s ]
INFO: [ app_begin ] --START--
INFO: Run Behavior\ReadHtmlCacheBehavior [ RunTime:0.001000s ]
INFO: [ app_begin ] --END-- [ RunTime:0.001000s ]
SQL: SHOW COLUMNS FROM `xw_product` [ RunTime:0.0020s ]
SQL: SELECT * FROM `xw_product` WHERE `id` = 1 LIMIT 1   [ RunTime:0.0000s ]
NOTIC: [2] unlink(/Moderna/Uploads/2016-04-27/5720cf2a97444.png): No such file or directory D:\wamp\www\Moderna\bili\Admin\Controller\ProductController.class.php 第 80 行.
SQL: DELETE FROM `xw_product` WHERE `id` = 1 [ RunTime:0.0050s ]
INFO: [ view_parse ] --START--
INFO: [ template_filter ] --START--
INFO: Run Behavior\ContentReplaceBehavior [ RunTime:0.000000s ]
INFO: [ template_filter ] --END-- [ RunTime:0.002000s ]
INFO: Run Behavior\ParseTemplateBehavior [ RunTime:0.013000s ]
INFO: [ view_parse ] --END-- [ RunTime:0.013000s ]
INFO: [ view_filter ] --START--
INFO: Run Behavior\WriteHtmlCacheBehavior [ RunTime:0.000000s ]
INFO: [ view_filter ] --END-- [ RunTime:0.002000s ]
INFO: [ app_end ] --START--
INFO: Run Behavior\ShowPageTraceBehavior [ RunTime:0.000000s ]
INFO: [ app_end ] --END-- [ RunTime:0.002001s ]

[ 2016-04-28T23:35:15+08:00 ] ::1 /Moderna/index.php/Admin/Product/index
INFO: [ app_init ] --START--
INFO: Run Behavior\BuildLiteBehavior [ RunTime:0.000000s ]
INFO: [ app_init ] --END-- [ RunTime:0.001000s ]
INFO: [ app_begin ] --START--
INFO: Run Behavior\ReadHtmlCacheBehavior [ RunTime:0.001000s ]
INFO: [ app_begin ] --END-- [ RunTime:0.002000s ]
SQL: SHOW COLUMNS FROM `xw_product` [ RunTime:0.0020s ]
SQL: SELECT * FROM `xw_product`  [ RunTime:0.0000s ]
INFO: [ view_parse ] --START--
INFO: [ template_filter ] --START--
INFO: Run Behavior\ContentReplaceBehavior [ RunTime:0.001000s ]
INFO: [ template_filter ] --END-- [ RunTime:0.001000s ]
INFO: Run Behavior\ParseTemplateBehavior [ RunTime:0.030001s ]
INFO: [ view_parse ] --END-- [ RunTime:0.030001s ]
INFO: [ view_filter ] --START--
INFO: Run Behavior\WriteHtmlCacheBehavior [ RunTime:0.000000s ]
INFO: [ view_filter ] --END-- [ RunTime:0.002000s ]
INFO: [ app_end ] --START--
INFO: Run Behavior\ShowPageTraceBehavior [ RunTime:0.001000s ]
INFO: [ app_end ] --END-- [ RunTime:0.001000s ]

[ 2016-04-28T23:35:36+08:00 ] ::1 /Moderna/index.php/Admin/Product/index
INFO: [ app_init ] --START--
INFO: Run Behavior\BuildLiteBehavior [ RunTime:0.000000s ]
INFO: [ app_init ] --END-- [ RunTime:0.001000s ]
INFO: [ app_begin ] --START--
INFO: Run Behavior\ReadHtmlCacheBehavior [ RunTime:0.001000s ]
INFO: [ app_begin ] --END-- [ RunTime:0.001000s ]
SQL: SHOW COLUMNS FROM `xw_product` [ RunTime:0.0030s ]
SQL: SELECT * FROM `xw_product`  [ RunTime:0.0010s ]
INFO: [ view_parse ] --START--
INFO: [ template_filter ] --START--
INFO: Run Behavior\ContentReplaceBehavior [ RunTime:0.001000s ]
INFO: [ template_filter ] --END-- [ RunTime:0.001000s ]
INFO: Run Behavior\ParseTemplateBehavior [ RunTime:0.030001s ]
INFO: [ view_parse ] --END-- [ RunTime:0.030001s ]
INFO: [ view_filter ] --START--
INFO: Run Behavior\WriteHtmlCacheBehavior [ RunTime:0.000000s ]
INFO: [ view_filter ] --END-- [ RunTime:0.002001s ]
INFO: [ app_end ] --START--
INFO: Run Behavior\ShowPageTraceBehavior [ RunTime:0.001000s ]
INFO: [ app_end ] --END-- [ RunTime:0.001000s ]

[ 2016-04-28T23:37:48+08:00 ] ::1 /Moderna/index.php/Admin/Product/index
INFO: [ app_init ] --START--
INFO: Run Behavior\BuildLiteBehavior [ RunTime:0.000000s ]
INFO: [ app_init ] --END-- [ RunTime:0.001000s ]
INFO: [ app_begin ] --START--
INFO: Run Behavior\ReadHtmlCacheBehavior [ RunTime:0.001000s ]
INFO: [ app_begin ] --END-- [ RunTime:0.002000s ]

[ 2016-04-28T23:38:02+08:00 ] ::1 /Moderna/index.php/Admin/Product/index
INFO: [ app_init ] --START--
INFO: Run Behavior\BuildLiteBehavior [ RunTime:0.000000s ]
INFO: [ app_init ] --END-- [ RunTime:0.001000s ]
INFO: [ app_begin ] --START--
INFO: Run Behavior\ReadHtmlCacheBehavior [ RunTime:0.000000s ]
INFO: [ app_begin ] --END-- [ RunTime:0.002000s ]

[ 2016-04-28T23:38:02+08:00 ] ::1 /Moderna/index.php/Admin/Product/index
INFO: [ app_init ] --START--
INFO: Run Behavior\BuildLiteBehavior [ RunTime:0.001000s ]
INFO: [ app_init ] --END-- [ RunTime:0.001000s ]
INFO: [ app_begin ] --START--
INFO: Run Behavior\ReadHtmlCacheBehavior [ RunTime:0.001000s ]
INFO: [ app_begin ] --END-- [ RunTime:0.001000s ]

[ 2016-04-28T23:38:17+08:00 ] ::1 /Moderna/index.php/Admin/Product/index
INFO: [ app_init ] --START--
INFO: Run Behavior\BuildLiteBehavior [ RunTime:0.000000s ]
INFO: [ app_init ] --END-- [ RunTime:0.001000s ]
INFO: [ app_begin ] --START--
INFO: Run Behavior\ReadHtmlCacheBehavior [ RunTime:0.001000s ]
INFO: [ app_begin ] --END-- [ RunTime:0.001000s ]
SQL: SHOW COLUMNS FROM `xw_product` [ RunTime:0.0020s ]
SQL: SELECT * FROM `xw_product`  [ RunTime:0.0000s ]
INFO: [ view_parse ] --START--
INFO: [ template_filter ] --START--
INFO: Run Behavior\ContentReplaceBehavior [ RunTime:0.000000s ]
INFO: [ template_filter ] --END-- [ RunTime:0.001000s ]
INFO: Run Behavior\ParseTemplateBehavior [ RunTime:0.030002s ]
INFO: [ view_parse ] --END-- [ RunTime:0.031002s ]
INFO: [ view_filter ] --START--
INFO: Run Behavior\WriteHtmlCacheBehavior [ RunTime:0.001000s ]
INFO: [ view_filter ] --END-- [ RunTime:0.001000s ]
INFO: [ app_end ] --START--
INFO: Run Behavior\ShowPageTraceBehavior [ RunTime:0.001000s ]
INFO: [ app_end ] --END-- [ RunTime:0.001000s ]

[ 2016-04-28T23:38:19+08:00 ] ::1 /Moderna/index.php/Admin/Product/deletePic/id/2
INFO: [ app_init ] --START--
INFO: Run Behavior\BuildLiteBehavior [ RunTime:0.001000s ]
INFO: [ app_init ] --END-- [ RunTime:0.001000s ]
INFO: [ app_begin ] --START--
INFO: Run Behavior\ReadHtmlCacheBehavior [ RunTime:0.001001s ]
INFO: [ app_begin ] --END-- [ RunTime:0.001001s ]
SQL: SHOW COLUMNS FROM `xw_product` [ RunTime:0.0030s ]
SQL: SELECT * FROM `xw_product` WHERE `id` = 2 LIMIT 1   [ RunTime:0.0000s ]
NOTIC: [2] unlink(/Moderna/Uploads/2016-04-27/5720cf2a97444.jpg): No such file or directory D:\wamp\www\Moderna\bili\Admin\Controller\ProductController.class.php 第 80 行.
INFO: [ app_end ] --START--
INFO: Run Behavior\ShowPageTraceBehavior [ RunTime:0.001000s ]
INFO: [ app_end ] --END-- [ RunTime:0.001000s ]

[ 2016-04-28T23:39:09+08:00 ] ::1 /Moderna/index.php/Admin/Product/deletePic/id/2
INFO: [ app_init ] --START--
INFO: Run Behavior\BuildLiteBehavior [ RunTime:0.000000s ]
INFO: [ app_init ] --END-- [ RunTime:0.001000s ]
INFO: [ app_begin ] --START--
INFO: Run Behavior\ReadHtmlCacheBehavior [ RunTime:0.001000s ]
INFO: [ app_begin ] --END-- [ RunTime:0.001000s ]
SQL: SHOW COLUMNS FROM `xw_product` [ RunTime:0.0020s ]
SQL: SELECT * FROM `xw_product` WHERE `id` = 2 LIMIT 1   [ RunTime:0.0000s ]
NOTIC: [2] unlink(/Moderna/Uploads/2016-04-27/5720cf2a97444.jpg): No such file or directory D:\wamp\www\Moderna\bili\Admin\Controller\ProductController.class.php 第 80 行.
INFO: [ app_end ] --START--
INFO: Run Behavior\ShowPageTraceBehavior [ RunTime:0.001000s ]
INFO: [ app_end ] --END-- [ RunTime:0.002000s ]

[ 2016-04-28T23:39:10+08:00 ] ::1 /Moderna/index.php/Admin/Product/deletePic/id/2
INFO: [ app_init ] --START--
INFO: Run Behavior\BuildLiteBehavior [ RunTime:0.000000s ]
INFO: [ app_init ] --END-- [ RunTime:0.001000s ]
INFO: [ app_begin ] --START--
INFO: Run Behavior\ReadHtmlCacheBehavior [ RunTime:0.001001s ]
INFO: [ app_begin ] --END-- [ RunTime:0.001001s ]
SQL: SHOW COLUMNS FROM `xw_product` [ RunTime:0.0020s ]
SQL: SELECT * FROM `xw_product` WHERE `id` = 2 LIMIT 1   [ RunTime:0.0000s ]
NOTIC: [2] unlink(/Moderna/Uploads/2016-04-27/5720cf2a97444.jpg): No such file or directory D:\wamp\www\Moderna\bili\Admin\Controller\ProductController.class.php 第 80 行.
INFO: [ app_end ] --START--
INFO: Run Behavior\ShowPageTraceBehavior [ RunTime:0.001000s ]
INFO: [ app_end ] --END-- [ RunTime:0.002000s ]

[ 2016-04-28T23:39:10+08:00 ] ::1 /Moderna/index.php/Admin/Product/deletePic/id/2
INFO: [ app_init ] --START--
INFO: Run Behavior\BuildLiteBehavior [ RunTime:0.000000s ]
INFO: [ app_init ] --END-- [ RunTime:0.001000s ]
INFO: [ app_begin ] --START--
INFO: Run Behavior\ReadHtmlCacheBehavior [ RunTime:0.000000s ]
INFO: [ app_begin ] --END-- [ RunTime:0.002000s ]
SQL: SHOW COLUMNS FROM `xw_product` [ RunTime:0.0020s ]
SQL: SELECT * FROM `xw_product` WHERE `id` = 2 LIMIT 1   [ RunTime:0.0010s ]
NOTIC: [2] unlink(/Moderna/Uploads/2016-04-27/5720cf2a97444.jpg): No such file or directory D:\wamp\www\Moderna\bili\Admin\Controller\ProductController.class.php 第 80 行.
INFO: [ app_end ] --START--
INFO: Run Behavior\ShowPageTraceBehavior [ RunTime:0.001000s ]
INFO: [ app_end ] --END-- [ RunTime:0.001000s ]

[ 2016-04-28T23:39:11+08:00 ] ::1 /Moderna/index.php/Admin/Product/deletePic/id/2
INFO: [ app_init ] --START--
INFO: Run Behavior\BuildLiteBehavior [ RunTime:0.000000s ]
INFO: [ app_init ] --END-- [ RunTime:0.001000s ]
INFO: [ app_begin ] --START--
INFO: Run Behavior\ReadHtmlCacheBehavior [ RunTime:0.001000s ]
INFO: [ app_begin ] --END-- [ RunTime:0.001000s ]
SQL: SHOW COLUMNS FROM `xw_product` [ RunTime:0.0020s ]
SQL: SELECT * FROM `xw_product` WHERE `id` = 2 LIMIT 1   [ RunTime:0.0000s ]
NOTIC: [2] unlink(/Moderna/Uploads/2016-04-27/5720cf2a97444.jpg): No such file or directory D:\wamp\www\Moderna\bili\Admin\Controller\ProductController.class.php 第 80 行.
INFO: [ app_end ] --START--
INFO: Run Behavior\ShowPageTraceBehavior [ RunTime:0.001000s ]
INFO: [ app_end ] --END-- [ RunTime:0.001000s ]

[ 2016-04-28T23:39:11+08:00 ] ::1 /Moderna/index.php/Admin/Product/deletePic/id/2
INFO: [ app_init ] --START--
INFO: Run Behavior\BuildLiteBehavior [ RunTime:0.000000s ]
INFO: [ app_init ] --END-- [ RunTime:0.001000s ]
INFO: [ app_begin ] --START--
INFO: Run Behavior\ReadHtmlCacheBehavior [ RunTime:0.000000s ]
INFO: [ app_begin ] --END-- [ RunTime:0.002000s ]
SQL: SHOW COLUMNS FROM `xw_product` [ RunTime:0.0020s ]
SQL: SELECT * FROM `xw_product` WHERE `id` = 2 LIMIT 1   [ RunTime:0.0010s ]
NOTIC: [2] unlink(/Moderna/Uploads/2016-04-27/5720cf2a97444.jpg): No such file or directory D:\wamp\www\Moderna\bili\Admin\Controller\ProductController.class.php 第 80 行.
INFO: [ app_end ] --START--
INFO: Run Behavior\ShowPageTraceBehavior [ RunTime:0.001000s ]
INFO: [ app_end ] --END-- [ RunTime:0.001000s ]

[ 2016-04-28T23:40:22+08:00 ] ::1 /Moderna/index.php/Admin/Product/deletePic/id/2
INFO: [ app_init ] --START--
INFO: Run Behavior\BuildLiteBehavior [ RunTime:0.000000s ]
INFO: [ app_init ] --END-- [ RunTime:0.001000s ]
INFO: [ app_begin ] --START--
INFO: Run Behavior\ReadHtmlCacheBehavior [ RunTime:0.000000s ]
INFO: [ app_begin ] --END-- [ RunTime:0.002000s ]
SQL: SHOW COLUMNS FROM `xw_product` [ RunTime:0.0020s ]
SQL: SELECT * FROM `xw_product` WHERE `id` = 2 LIMIT 1   [ RunTime:0.0010s ]

[ 2016-04-28T23:40:22+08:00 ] ::1 /Moderna/index.php/Admin/Product/deletePic/id/2
INFO: [ app_init ] --START--
INFO: Run Behavior\BuildLiteBehavior [ RunTime:0.001000s ]
INFO: [ app_init ] --END-- [ RunTime:0.001000s ]
INFO: [ app_begin ] --START--
INFO: Run Behavior\ReadHtmlCacheBehavior [ RunTime:0.000000s ]
INFO: [ app_begin ] --END-- [ RunTime:0.002001s ]
SQL: SHOW COLUMNS FROM `xw_product` [ RunTime:0.0020s ]
SQL: SELECT * FROM `xw_product` WHERE `id` = 2 LIMIT 1   [ RunTime:0.0010s ]

[ 2016-04-28T23:42:49+08:00 ] ::1 /Moderna/index.php/Admin/Product/deletePic/id/2
INFO: [ app_init ] --START--
INFO: Run Behavior\BuildLiteBehavior [ RunTime:0.000000s ]
INFO: [ app_init ] --END-- [ RunTime:0.001000s ]
INFO: [ app_begin ] --START--
INFO: Run Behavior\ReadHtmlCacheBehavior [ RunTime:0.001000s ]
INFO: [ app_begin ] --END-- [ RunTime:0.001000s ]
SQL: SHOW COLUMNS FROM `xw_product` [ RunTime:0.0020s ]
SQL: SELECT * FROM `xw_product` WHERE `id` = 2 LIMIT 1   [ RunTime:0.0010s ]
NOTIC: [2] unlink(/Moderna/Uploads/2016-04-27/5720cf2a97444.jpg): No such file or directory D:\wamp\www\Moderna\bili\Admin\Controller\ProductController.class.php 第 81 行.
INFO: [ app_end ] --START--
INFO: Run Behavior\ShowPageTraceBehavior [ RunTime:0.000000s ]
INFO: [ app_end ] --END-- [ RunTime:0.002000s ]

[ 2016-04-28T23:43:12+08:00 ] ::1 /Moderna/index.php/Admin/Product/deletePic/id/2
INFO: [ app_init ] --START--
INFO: Run Behavior\BuildLiteBehavior [ RunTime:0.000000s ]
INFO: [ app_init ] --END-- [ RunTime:0.001000s ]
INFO: [ app_begin ] --START--
INFO: Run Behavior\ReadHtmlCacheBehavior [ RunTime:0.000000s ]
INFO: [ app_begin ] --END-- [ RunTime:0.002000s ]
SQL: SHOW COLUMNS FROM `xw_product` [ RunTime:0.0020s ]
SQL: SELECT * FROM `xw_product` WHERE `id` = 2 LIMIT 1   [ RunTime:0.0000s ]
NOTIC: [2] unlink(/Moderna/Uploads/2016-04-27/5720cf2a97444.jpg): No such file or directory D:\wamp\www\Moderna\bili\Admin\Controller\ProductController.class.php 第 82 行.
INFO: [ app_end ] --START--
INFO: Run Behavior\ShowPageTraceBehavior [ RunTime:0.001000s ]
INFO: [ app_end ] --END-- [ RunTime:0.002000s ]

[ 2016-04-28T23:43:26+08:00 ] ::1 /Moderna/index.php/Admin/Product/deletePic/id/2
INFO: [ app_init ] --START--
INFO: Run Behavior\BuildLiteBehavior [ RunTime:0.000000s ]
INFO: [ app_init ] --END-- [ RunTime:0.001000s ]
INFO: [ app_begin ] --START--
INFO: Run Behavior\ReadHtmlCacheBehavior [ RunTime:0.000000s ]
INFO: [ app_begin ] --END-- [ RunTime:0.002000s ]
SQL: SHOW COLUMNS FROM `xw_product` [ RunTime:0.0020s ]
SQL: SELECT * FROM `xw_product` WHERE `id` = 2 LIMIT 1   [ RunTime:0.0010s ]
NOTIC: [2] unlink(/Moderna/Uploads/2016-04-27/5720cf2a97444.jpg): No such file or directory D:\wamp\www\Moderna\bili\Admin\Controller\ProductController.class.php 第 82 行.
INFO: [ app_end ] --START--
INFO: Run Behavior\ShowPageTraceBehavior [ RunTime:0.001000s ]
INFO: [ app_end ] --END-- [ RunTime:0.001000s ]

[ 2016-04-28T23:44:28+08:00 ] ::1 /Moderna/index.php/Admin/Product/deletePic/id/2
INFO: [ app_init ] --START--
INFO: Run Behavior\BuildLiteBehavior [ RunTime:0.000000s ]
INFO: [ app_init ] --END-- [ RunTime:0.001000s ]
INFO: [ app_begin ] --START--
INFO: Run Behavior\ReadHtmlCacheBehavior [ RunTime:0.001000s ]
INFO: [ app_begin ] --END-- [ RunTime:0.002000s ]
SQL: SHOW COLUMNS FROM `xw_product` [ RunTime:0.0020s ]
SQL: SELECT * FROM `xw_product` WHERE `id` = 2 LIMIT 1   [ RunTime:0.0010s ]
NOTIC: [2] unlink(D:\wamp\www\Moderna/Uploads/2016-04-27/5720cf2a97444.jpg): No such file or directory D:\wamp\www\Moderna\bili\Admin\Controller\ProductController.class.php 第 82 行.
INFO: [ app_end ] --START--
INFO: Run Behavior\ShowPageTraceBehavior [ RunTime:0.001000s ]
INFO: [ app_end ] --END-- [ RunTime:0.001000s ]

[ 2016-04-28T23:44:50+08:00 ] ::1 /Moderna/index.php/Admin/Product/deletePic/id/2
INFO: [ app_init ] --START--
INFO: Run Behavior\BuildLiteBehavior [ RunTime:0.000000s ]
INFO: [ app_init ] --END-- [ RunTime:0.001000s ]
INFO: [ app_begin ] --START--
INFO: Run Behavior\ReadHtmlCacheBehavior [ RunTime:0.001000s ]
INFO: [ app_begin ] --END-- [ RunTime:0.002000s ]
SQL: SHOW COLUMNS FROM `xw_product` [ RunTime:0.0020s ]
SQL: SELECT * FROM `xw_product` WHERE `id` = 2 LIMIT 1   [ RunTime:0.0000s ]
NOTIC: [2] unlink(D:\wamp\www\Moderna/Uploads/2016-04-27/5720cf2a97444.jpg): No such file or directory D:\wamp\www\Moderna\bili\Admin\Controller\ProductController.class.php 第 83 行.
INFO: [ app_end ] --START--
INFO: Run Behavior\ShowPageTraceBehavior [ RunTime:0.000000s ]
INFO: [ app_end ] --END-- [ RunTime:0.002000s ]

[ 2016-04-28T23:44:52+08:00 ] ::1 /Moderna/index.php/Admin/Product/deletePic/id/2
INFO: [ app_init ] --START--
INFO: Run Behavior\BuildLiteBehavior [ RunTime:0.000000s ]
INFO: [ app_init ] --END-- [ RunTime:0.002000s ]
INFO: [ app_begin ] --START--
INFO: Run Behavior\ReadHtmlCacheBehavior [ RunTime:0.001000s ]
INFO: [ app_begin ] --END-- [ RunTime:0.001000s ]
SQL: SHOW COLUMNS FROM `xw_product` [ RunTime:0.0030s ]
SQL: SELECT * FROM `xw_product` WHERE `id` = 2 LIMIT 1   [ RunTime:0.0000s ]
NOTIC: [2] unlink(D:\wamp\www\Moderna/Uploads/2016-04-27/5720cf2a97444.jpg): No such file or directory D:\wamp\www\Moderna\bili\Admin\Controller\ProductController.class.php 第 83 行.
INFO: [ app_end ] --START--
INFO: Run Behavior\ShowPageTraceBehavior [ RunTime:0.001000s ]
INFO: [ app_end ] --END-- [ RunTime:0.001000s ]

[ 2016-04-28T23:45:44+08:00 ] ::1 /Moderna/index.php/Admin/Product/deletePic/id/2
INFO: [ app_init ] --START--
INFO: Run Behavior\BuildLiteBehavior [ RunTime:0.001000s ]
INFO: [ app_init ] --END-- [ RunTime:0.001000s ]
INFO: [ app_begin ] --START--
INFO: Run Behavior\ReadHtmlCacheBehavior [ RunTime:0.001000s ]
INFO: [ app_begin ] --END-- [ RunTime:0.001000s ]
SQL: SHOW COLUMNS FROM `xw_product` [ RunTime:0.0020s ]
SQL: SELECT * FROM `xw_product` WHERE `id` = 2 LIMIT 1   [ RunTime:0.0000s ]
NOTIC: [2] unlink(D:\wamp\www\Moderna/Uploads/2016-04-27/5720cf2a97444.jpg): No such file or directory D:\wamp\www\Moderna\bili\Admin\Controller\ProductController.class.php 第 83 行.
INFO: [ app_end ] --START--
INFO: Run Behavior\ShowPageTraceBehavior [ RunTime:0.001000s ]
INFO: [ app_end ] --END-- [ RunTime:0.002000s ]

[ 2016-04-28T23:51:03+08:00 ] ::1 /Moderna/index.php/Admin/Product/deletePic/id/2
INFO: [ app_init ] --START--
INFO: Run Behavior\BuildLiteBehavior [ RunTime:0.000000s ]
INFO: [ app_init ] --END-- [ RunTime:0.001000s ]
INFO: [ app_begin ] --START--
INFO: Run Behavior\ReadHtmlCacheBehavior [ RunTime:0.001000s ]
INFO: [ app_begin ] --END-- [ RunTime:0.002000s ]
SQL: SHOW COLUMNS FROM `xw_product` [ RunTime:0.0020s ]
SQL: SELECT * FROM `xw_product` WHERE `id` = 2 LIMIT 1   [ RunTime:0.0000s ]
NOTIC: [2] unlink(/Uploads/2016-04-27/5720cf2a97444.jpg): No such file or directory D:\wamp\www\Moderna\bili\Admin\Controller\ProductController.class.php 第 83 行.
INFO: [ app_end ] --START--
INFO: Run Behavior\ShowPageTraceBehavior [ RunTime:0.001000s ]
INFO: [ app_end ] --END-- [ RunTime:0.002000s ]

[ 2016-04-28T23:51:10+08:00 ] ::1 /Moderna/index.php/Admin/Product/deletePic/id/2
INFO: [ app_init ] --START--
INFO: Run Behavior\BuildLiteBehavior [ RunTime:0.000000s ]
INFO: [ app_init ] --END-- [ RunTime:0.001000s ]
INFO: [ app_begin ] --START--
INFO: Run Behavior\ReadHtmlCacheBehavior [ RunTime:0.001000s ]
INFO: [ app_begin ] --END-- [ RunTime:0.001000s ]
SQL: SHOW COLUMNS FROM `xw_product` [ RunTime:0.0020s ]
SQL: SELECT * FROM `xw_product` WHERE `id` = 2 LIMIT 1   [ RunTime:0.0000s ]
NOTIC: [2] unlink(/Uploads/2016-04-27/5720cf2a97444.jpg): No such file or directory D:\wamp\www\Moderna\bili\Admin\Controller\ProductController.class.php 第 83 行.
INFO: [ app_end ] --START--
INFO: Run Behavior\ShowPageTraceBehavior [ RunTime:0.001000s ]
INFO: [ app_end ] --END-- [ RunTime:0.001000s ]

[ 2016-04-28T23:51:21+08:00 ] ::1 /Moderna/index.php/Admin/Product/deletePic/id/2
INFO: [ app_init ] --START--
INFO: Run Behavior\BuildLiteBehavior [ RunTime:0.001000s ]
INFO: [ app_init ] --END-- [ RunTime:0.001000s ]
INFO: [ app_begin ] --START--
INFO: Run Behavior\ReadHtmlCacheBehavior [ RunTime:0.000000s ]
INFO: [ app_begin ] --END-- [ RunTime:0.002000s ]
SQL: SHOW COLUMNS FROM `xw_product` [ RunTime:0.0020s ]
SQL: SELECT * FROM `xw_product` WHERE `id` = 2 LIMIT 1   [ RunTime:0.0010s ]
NOTIC: [2] unlink(./Uploads/2016-04-27/5720cf2a97444.jpg): No such file or directory D:\wamp\www\Moderna\bili\Admin\Controller\ProductController.class.php 第 83 行.
INFO: [ app_end ] --START--
INFO: Run Behavior\ShowPageTraceBehavior [ RunTime:0.001000s ]
INFO: [ app_end ] --END-- [ RunTime:0.001000s ]

[ 2016-04-28T23:52:00+08:00 ] ::1 /Moderna/index.php/Admin/Product/deletePic/id/2
INFO: [ app_init ] --START--
INFO: Run Behavior\BuildLiteBehavior [ RunTime:0.000000s ]
INFO: [ app_init ] --END-- [ RunTime:0.001000s ]
INFO: [ app_begin ] --START--
INFO: Run Behavior\ReadHtmlCacheBehavior [ RunTime:0.001000s ]
INFO: [ app_begin ] --END-- [ RunTime:0.002000s ]
SQL: SHOW COLUMNS FROM `xw_product` [ RunTime:0.0020s ]
SQL: SELECT * FROM `xw_product` WHERE `id` = 2 LIMIT 1   [ RunTime:0.0010s ]
NOTIC: [2] unlink(./Uploads/2016-04-27/5720cf2a97444.jpg): No such file or directory D:\wamp\www\Moderna\bili\Admin\Controller\ProductController.class.php 第 83 行.
INFO: [ app_end ] --START--
INFO: Run Behavior\ShowPageTraceBehavior [ RunTime:0.001000s ]
INFO: [ app_end ] --END-- [ RunTime:0.001000s ]

[ 2016-04-28T23:52:00+08:00 ] ::1 /Moderna/index.php/Admin/Product/deletePic/id/2
INFO: [ app_init ] --START--
INFO: Run Behavior\BuildLiteBehavior [ RunTime:0.001000s ]
INFO: [ app_init ] --END-- [ RunTime:0.001000s ]
INFO: [ app_begin ] --START--
INFO: Run Behavior\ReadHtmlCacheBehavior [ RunTime:0.000000s ]
INFO: [ app_begin ] --END-- [ RunTime:0.002000s ]
SQL: SHOW COLUMNS FROM `xw_product` [ RunTime:0.0020s ]
SQL: SELECT * FROM `xw_product` WHERE `id` = 2 LIMIT 1   [ RunTime:0.0000s ]
NOTIC: [2] unlink(./Uploads/2016-04-27/5720cf2a97444.jpg): No such file or directory D:\wamp\www\Moderna\bili\Admin\Controller\ProductController.class.php 第 83 行.
INFO: [ app_end ] --START--
INFO: Run Behavior\ShowPageTraceBehavior [ RunTime:0.000000s ]
INFO: [ app_end ] --END-- [ RunTime:0.002000s ]

[ 2016-04-28T23:52:00+08:00 ] ::1 /Moderna/index.php/Admin/Product/deletePic/id/2
INFO: [ app_init ] --START--
INFO: Run Behavior\BuildLiteBehavior [ RunTime:0.000000s ]
INFO: [ app_init ] --END-- [ RunTime:0.001001s ]
INFO: [ app_begin ] --START--
INFO: Run Behavior\ReadHtmlCacheBehavior [ RunTime:0.000000s ]
INFO: [ app_begin ] --END-- [ RunTime:0.002000s ]
SQL: SHOW COLUMNS FROM `xw_product` [ RunTime:0.0020s ]
SQL: SELECT * FROM `xw_product` WHERE `id` = 2 LIMIT 1   [ RunTime:0.0000s ]
NOTIC: [2] unlink(./Uploads/2016-04-27/5720cf2a97444.jpg): No such file or directory D:\wamp\www\Moderna\bili\Admin\Controller\ProductController.class.php 第 83 行.
INFO: [ app_end ] --START--
INFO: Run Behavior\ShowPageTraceBehavior [ RunTime:0.001000s ]
INFO: [ app_end ] --END-- [ RunTime:0.001000s ]

[ 2016-04-28T23:52:00+08:00 ] ::1 /Moderna/index.php/Admin/Product/deletePic/id/2
INFO: [ app_init ] --START--
INFO: Run Behavior\BuildLiteBehavior [ RunTime:0.000000s ]
INFO: [ app_init ] --END-- [ RunTime:0.001000s ]
INFO: [ app_begin ] --START--
INFO: Run Behavior\ReadHtmlCacheBehavior [ RunTime:0.001000s ]
INFO: [ app_begin ] --END-- [ RunTime:0.001000s ]
SQL: SHOW COLUMNS FROM `xw_product` [ RunTime:0.0020s ]
SQL: SELECT * FROM `xw_product` WHERE `id` = 2 LIMIT 1   [ RunTime:0.0000s ]
NOTIC: [2] unlink(./Uploads/2016-04-27/5720cf2a97444.jpg): No such file or directory D:\wamp\www\Moderna\bili\Admin\Controller\ProductController.class.php 第 83 行.
INFO: [ app_end ] --START--
INFO: Run Behavior\ShowPageTraceBehavior [ RunTime:0.000000s ]
INFO: [ app_end ] --END-- [ RunTime:0.002000s ]

[ 2016-04-28T23:57:51+08:00 ] ::1 /Moderna/index.php/Admin/Product/deletePic/id/2
INFO: [ app_init ] --START--
INFO: Run Behavior\BuildLiteBehavior [ RunTime:0.000000s ]
INFO: [ app_init ] --END-- [ RunTime:0.001000s ]
INFO: [ app_begin ] --START--
INFO: Run Behavior\ReadHtmlCacheBehavior [ RunTime:0.000000s ]
INFO: [ app_begin ] --END-- [ RunTime:0.001000s ]
SQL: SHOW COLUMNS FROM `xw_product` [ RunTime:0.0030s ]
SQL: SELECT * FROM `xw_product` WHERE `id` = 2 LIMIT 1   [ RunTime:0.0000s ]
NOTIC: [2] unlink(./Uploads/2016-04-27/5720cf2a97444.jpg): No such file or directory D:\wamp\www\Moderna\bili\Admin\Controller\ProductController.class.php 第 83 行.
INFO: [ app_end ] --START--
INFO: Run Behavior\ShowPageTraceBehavior [ RunTime:0.001000s ]
INFO: [ app_end ] --END-- [ RunTime:0.001000s ]

[ 2016-04-28T23:57:51+08:00 ] ::1 /Moderna/index.php/Admin/Product/deletePic/id/2
INFO: [ app_init ] --START--
INFO: Run Behavior\BuildLiteBehavior [ RunTime:0.001000s ]
INFO: [ app_init ] --END-- [ RunTime:0.001000s ]
INFO: [ app_begin ] --START--
INFO: Run Behavior\ReadHtmlCacheBehavior [ RunTime:0.000000s ]
INFO: [ app_begin ] --END-- [ RunTime:0.001000s ]
SQL: SHOW COLUMNS FROM `xw_product` [ RunTime:0.0020s ]
SQL: SELECT * FROM `xw_product` WHERE `id` = 2 LIMIT 1   [ RunTime:0.0000s ]
NOTIC: [2] unlink(./Uploads/2016-04-27/5720cf2a97444.jpg): No such file or directory D:\wamp\www\Moderna\bili\Admin\Controller\ProductController.class.php 第 83 行.
INFO: [ app_end ] --START--
INFO: Run Behavior\ShowPageTraceBehavior [ RunTime:0.001000s ]
INFO: [ app_end ] --END-- [ RunTime:0.001000s ]

[ 2016-04-28T23:57:52+08:00 ] ::1 /Moderna/index.php/Admin/Product/deletePic/id/2
INFO: [ app_init ] --START--
INFO: Run Behavior\BuildLiteBehavior [ RunTime:0.000000s ]
INFO: [ app_init ] --END-- [ RunTime:0.001000s ]
INFO: [ app_begin ] --START--
INFO: Run Behavior\ReadHtmlCacheBehavior [ RunTime:0.001001s ]
INFO: [ app_begin ] --END-- [ RunTime:0.001001s ]
SQL: SHOW COLUMNS FROM `xw_product` [ RunTime:0.0020s ]
SQL: SELECT * FROM `xw_product` WHERE `id` = 2 LIMIT 1   [ RunTime:0.0000s ]
NOTIC: [2] unlink(./Uploads/2016-04-27/5720cf2a97444.jpg): No such file or directory D:\wamp\www\Moderna\bili\Admin\Controller\ProductController.class.php 第 83 行.
INFO: [ app_end ] --START--
INFO: Run Behavior\ShowPageTraceBehavior [ RunTime:0.000000s ]
INFO: [ app_end ] --END-- [ RunTime:0.001000s ]

[ 2016-04-28T23:57:52+08:00 ] ::1 /Moderna/index.php/Admin/Product/deletePic/id/2
INFO: [ app_init ] --START--
INFO: Run Behavior\BuildLiteBehavior [ RunTime:0.000000s ]
INFO: [ app_init ] --END-- [ RunTime:0.001000s ]
INFO: [ app_begin ] --START--
INFO: Run Behavior\ReadHtmlCacheBehavior [ RunTime:0.001000s ]
INFO: [ app_begin ] --END-- [ RunTime:0.001000s ]
SQL: SHOW COLUMNS FROM `xw_product` [ RunTime:0.0020s ]
SQL: SELECT * FROM `xw_product` WHERE `id` = 2 LIMIT 1   [ RunTime:0.0000s ]
NOTIC: [2] unlink(./Uploads/2016-04-27/5720cf2a97444.jpg): No such file or directory D:\wamp\www\Moderna\bili\Admin\Controller\ProductController.class.php 第 83 行.
INFO: [ app_end ] --START--
INFO: Run Behavior\ShowPageTraceBehavior [ RunTime:0.001000s ]
INFO: [ app_end ] --END-- [ RunTime:0.001000s ]

[ 2016-04-28T23:57:52+08:00 ] ::1 /Moderna/index.php/Admin/Product/deletePic/id/2
INFO: [ app_init ] --START--
INFO: Run Behavior\BuildLiteBehavior [ RunTime:0.001000s ]
INFO: [ app_init ] --END-- [ RunTime:0.001000s ]
INFO: [ app_begin ] --START--
INFO: Run Behavior\ReadHtmlCacheBehavior [ RunTime:0.000000s ]
INFO: [ app_begin ] --END-- [ RunTime:0.001000s ]
SQL: SHOW COLUMNS FROM `xw_product` [ RunTime:0.0020s ]
SQL: SELECT * FROM `xw_product` WHERE `id` = 2 LIMIT 1   [ RunTime:0.0000s ]
NOTIC: [2] unlink(./Uploads/2016-04-27/5720cf2a97444.jpg): No such file or directory D:\wamp\www\Moderna\bili\Admin\Controller\ProductController.class.php 第 83 行.
INFO: [ app_end ] --START--
INFO: Run Behavior\ShowPageTraceBehavior [ RunTime:0.000000s ]
INFO: [ app_end ] --END-- [ RunTime:0.002000s ]

[ 2016-04-28T23:57:52+08:00 ] ::1 /Moderna/index.php/Admin/Product/deletePic/id/2
INFO: [ app_init ] --START--
INFO: Run Behavior\BuildLiteBehavior [ RunTime:0.000000s ]
INFO: [ app_init ] --END-- [ RunTime:0.001000s ]
INFO: [ app_begin ] --START--
INFO: Run Behavior\ReadHtmlCacheBehavior [ RunTime:0.000000s ]
INFO: [ app_begin ] --END-- [ RunTime:0.001000s ]
SQL: SHOW COLUMNS FROM `xw_product` [ RunTime:0.0020s ]
SQL: SELECT * FROM `xw_product` WHERE `id` = 2 LIMIT 1   [ RunTime:0.0000s ]
NOTIC: [2] unlink(./Uploads/2016-04-27/5720cf2a97444.jpg): No such file or directory D:\wamp\www\Moderna\bili\Admin\Controller\ProductController.class.php 第 83 行.
INFO: [ app_end ] --START--
INFO: Run Behavior\ShowPageTraceBehavior [ RunTime:0.001000s ]
INFO: [ app_end ] --END-- [ RunTime:0.001000s ]

[ 2016-04-28T23:57:52+08:00 ] ::1 /Moderna/index.php/Admin/Product/deletePic/id/2
INFO: [ app_init ] --START--
INFO: Run Behavior\BuildLiteBehavior [ RunTime:0.001000s ]
INFO: [ app_init ] --END-- [ RunTime:0.001000s ]
INFO: [ app_begin ] --START--
INFO: Run Behavior\ReadHtmlCacheBehavior [ RunTime:0.000000s ]
INFO: [ app_begin ] --END-- [ RunTime:0.002000s ]
SQL: SHOW COLUMNS FROM `xw_product` [ RunTime:0.0020s ]
SQL: SELECT * FROM `xw_product` WHERE `id` = 2 LIMIT 1   [ RunTime:0.0000s ]
NOTIC: [2] unlink(./Uploads/2016-04-27/5720cf2a97444.jpg): No such file or directory D:\wamp\www\Moderna\bili\Admin\Controller\ProductController.class.php 第 83 行.
INFO: [ app_end ] --START--
INFO: Run Behavior\ShowPageTraceBehavior [ RunTime:0.001000s ]
INFO: [ app_end ] --END-- [ RunTime:0.001000s ]

[ 2016-04-28T23:57:54+08:00 ] ::1 /Moderna/index.php/Admin/Product/deletePic/id/2
INFO: [ app_init ] --START--
INFO: Run Behavior\BuildLiteBehavior [ RunTime:0.000000s ]
INFO: [ app_init ] --END-- [ RunTime:0.000000s ]
INFO: [ app_begin ] --START--
INFO: Run Behavior\ReadHtmlCacheBehavior [ RunTime:0.001000s ]
INFO: [ app_begin ] --END-- [ RunTime:0.001000s ]
SQL: SHOW COLUMNS FROM `xw_product` [ RunTime:0.0020s ]
SQL: SELECT * FROM `xw_product` WHERE `id` = 2 LIMIT 1   [ RunTime:0.0000s ]
NOTIC: [2] unlink(./Uploads/2016-04-27/5720cf2a97444.jpg): No such file or directory D:\wamp\www\Moderna\bili\Admin\Controller\ProductController.class.php 第 83 行.
INFO: [ app_end ] --START--
INFO: Run Behavior\ShowPageTraceBehavior [ RunTime:0.001000s ]
INFO: [ app_end ] --END-- [ RunTime:0.001000s ]

[ 2016-04-28T23:57:54+08:00 ] ::1 /Moderna/index.php/Admin/Product/deletePic/id/2
INFO: [ app_init ] --START--
INFO: Run Behavior\BuildLiteBehavior [ RunTime:0.000000s ]
INFO: [ app_init ] --END-- [ RunTime:0.001000s ]
INFO: [ app_begin ] --START--
INFO: Run Behavior\ReadHtmlCacheBehavior [ RunTime:0.000000s ]
INFO: [ app_begin ] --END-- [ RunTime:0.001001s ]
SQL: SHOW COLUMNS FROM `xw_product` [ RunTime:0.0030s ]
SQL: SELECT * FROM `xw_product` WHERE `id` = 2 LIMIT 1   [ RunTime:0.0000s ]
NOTIC: [2] unlink(./Uploads/2016-04-27/5720cf2a97444.jpg): No such file or directory D:\wamp\www\Moderna\bili\Admin\Controller\ProductController.class.php 第 83 行.
INFO: [ app_end ] --START--
INFO: Run Behavior\ShowPageTraceBehavior [ RunTime:0.000000s ]
INFO: [ app_end ] --END-- [ RunTime:0.001000s ]

[ 2016-04-28T23:57:54+08:00 ] ::1 /Moderna/index.php/Admin/Product/deletePic/id/2
INFO: [ app_init ] --START--
INFO: Run Behavior\BuildLiteBehavior [ RunTime:0.000000s ]
INFO: [ app_init ] --END-- [ RunTime:0.001000s ]
INFO: [ app_begin ] --START--
INFO: Run Behavior\ReadHtmlCacheBehavior [ RunTime:0.000000s ]
INFO: [ app_begin ] --END-- [ RunTime:0.001000s ]
SQL: SHOW COLUMNS FROM `xw_product` [ RunTime:0.0020s ]
SQL: SELECT * FROM `xw_product` WHERE `id` = 2 LIMIT 1   [ RunTime:0.0000s ]
NOTIC: [2] unlink(./Uploads/2016-04-27/5720cf2a97444.jpg): No such file or directory D:\wamp\www\Moderna\bili\Admin\Controller\ProductController.class.php 第 83 行.
INFO: [ app_end ] --START--
INFO: Run Behavior\ShowPageTraceBehavior [ RunTime:0.000000s ]
INFO: [ app_end ] --END-- [ RunTime:0.001001s ]

[ 2016-04-28T23:57:54+08:00 ] ::1 /Moderna/index.php/Admin/Product/deletePic/id/2
INFO: [ app_init ] --START--
INFO: Run Behavior\BuildLiteBehavior [ RunTime:0.001000s ]
INFO: [ app_init ] --END-- [ RunTime:0.001000s ]
INFO: [ app_begin ] --START--
INFO: Run Behavior\ReadHtmlCacheBehavior [ RunTime:0.000000s ]
INFO: [ app_begin ] --END-- [ RunTime:0.001001s ]
SQL: SHOW COLUMNS FROM `xw_product` [ RunTime:0.0020s ]
SQL: SELECT * FROM `xw_product` WHERE `id` = 2 LIMIT 1   [ RunTime:0.0010s ]
NOTIC: [2] unlink(./Uploads/2016-04-27/5720cf2a97444.jpg): No such file or directory D:\wamp\www\Moderna\bili\Admin\Controller\ProductController.class.php 第 83 行.
INFO: [ app_end ] --START--
INFO: Run Behavior\ShowPageTraceBehavior [ RunTime:0.001000s ]
INFO: [ app_end ] --END-- [ RunTime:0.001000s ]

[ 2016-04-28T23:57:54+08:00 ] ::1 /Moderna/index.php/Admin/Product/deletePic/id/2
INFO: [ app_init ] --START--
INFO: Run Behavior\BuildLiteBehavior [ RunTime:0.001000s ]
INFO: [ app_init ] --END-- [ RunTime:0.001000s ]
INFO: [ app_begin ] --START--
INFO: Run Behavior\ReadHtmlCacheBehavior [ RunTime:0.000000s ]
INFO: [ app_begin ] --END-- [ RunTime:0.002000s ]
SQL: SHOW COLUMNS FROM `xw_product` [ RunTime:0.0020s ]
SQL: SELECT * FROM `xw_product` WHERE `id` = 2 LIMIT 1   [ RunTime:0.0000s ]
NOTIC: [2] unlink(./Uploads/2016-04-27/5720cf2a97444.jpg): No such file or directory D:\wamp\www\Moderna\bili\Admin\Controller\ProductController.class.php 第 83 行.
INFO: [ app_end ] --START--
INFO: Run Behavior\ShowPageTraceBehavior [ RunTime:0.000000s ]
INFO: [ app_end ] --END-- [ RunTime:0.002000s ]

[ 2016-04-28T23:57:54+08:00 ] ::1 /Moderna/index.php/Admin/Product/deletePic/id/2
INFO: [ app_init ] --START--
INFO: Run Behavior\BuildLiteBehavior [ RunTime:0.000000s ]
INFO: [ app_init ] --END-- [ RunTime:0.001000s ]
INFO: [ app_begin ] --START--
INFO: Run Behavior\ReadHtmlCacheBehavior [ RunTime:0.001000s ]
INFO: [ app_begin ] --END-- [ RunTime:0.001000s ]
SQL: SHOW COLUMNS FROM `xw_product` [ RunTime:0.0020s ]
SQL: SELECT * FROM `xw_product` WHERE `id` = 2 LIMIT 1   [ RunTime:0.0000s ]
NOTIC: [2] unlink(./Uploads/2016-04-27/5720cf2a97444.jpg): No such file or directory D:\wamp\www\Moderna\bili\Admin\Controller\ProductController.class.php 第 83 行.
INFO: [ app_end ] --START--
INFO: Run Behavior\ShowPageTraceBehavior [ RunTime:0.001000s ]
INFO: [ app_end ] --END-- [ RunTime:0.001000s ]

[ 2016-04-28T23:57:56+08:00 ] ::1 /Moderna/index.php/Admin/Product/deletePic/id/2
INFO: [ app_init ] --START--
INFO: Run Behavior\BuildLiteBehavior [ RunTime:0.000000s ]
INFO: [ app_init ] --END-- [ RunTime:0.001000s ]
INFO: [ app_begin ] --START--
INFO: Run Behavior\ReadHtmlCacheBehavior [ RunTime:0.001000s ]
INFO: [ app_begin ] --END-- [ RunTime:0.001000s ]
SQL: SHOW COLUMNS FROM `xw_product` [ RunTime:0.0020s ]
SQL: SELECT * FROM `xw_product` WHERE `id` = 2 LIMIT 1   [ RunTime:0.0000s ]
NOTIC: [2] unlink(./Uploads/2016-04-27/5720cf2a97444.jpg): No such file or directory D:\wamp\www\Moderna\bili\Admin\Controller\ProductController.class.php 第 83 行.
INFO: [ app_end ] --START--
INFO: Run Behavior\ShowPageTraceBehavior [ RunTime:0.000000s ]
INFO: [ app_end ] --END-- [ RunTime:0.001000s ]

[ 2016-04-28T23:57:57+08:00 ] ::1 /Moderna/index.php/Admin/Product/deletePic/id/2
INFO: [ app_init ] --START--
INFO: Run Behavior\BuildLiteBehavior [ RunTime:0.000000s ]
INFO: [ app_init ] --END-- [ RunTime:0.000000s ]
INFO: [ app_begin ] --START--
INFO: Run Behavior\ReadHtmlCacheBehavior [ RunTime:0.001000s ]
INFO: [ app_begin ] --END-- [ RunTime:0.001000s ]
SQL: SHOW COLUMNS FROM `xw_product` [ RunTime:0.0020s ]
SQL: SELECT * FROM `xw_product` WHERE `id` = 2 LIMIT 1   [ RunTime:0.0000s ]
NOTIC: [2] unlink(./Uploads/2016-04-27/5720cf2a97444.jpg): No such file or directory D:\wamp\www\Moderna\bili\Admin\Controller\ProductController.class.php 第 83 行.
INFO: [ app_end ] --START--
INFO: Run Behavior\ShowPageTraceBehavior [ RunTime:0.001000s ]
INFO: [ app_end ] --END-- [ RunTime:0.001000s ]

[ 2016-04-28T23:57:57+08:00 ] ::1 /Moderna/index.php/Admin/Product/deletePic/id/2
INFO: [ app_init ] --START--
INFO: Run Behavior\BuildLiteBehavior [ RunTime:0.000000s ]
INFO: [ app_init ] --END-- [ RunTime:0.000000s ]
INFO: [ app_begin ] --START--
INFO: Run Behavior\ReadHtmlCacheBehavior [ RunTime:0.001000s ]
INFO: [ app_begin ] --END-- [ RunTime:0.001000s ]
SQL: SHOW COLUMNS FROM `xw_product` [ RunTime:0.0020s ]
SQL: SELECT * FROM `xw_product` WHERE `id` = 2 LIMIT 1   [ RunTime:0.0000s ]
NOTIC: [2] unlink(./Uploads/2016-04-27/5720cf2a97444.jpg): No such file or directory D:\wamp\www\Moderna\bili\Admin\Controller\ProductController.class.php 第 83 行.
INFO: [ app_end ] --START--
INFO: Run Behavior\ShowPageTraceBehavior [ RunTime:0.000000s ]
INFO: [ app_end ] --END-- [ RunTime:0.001000s ]

[ 2016-04-28T23:57:57+08:00 ] ::1 /Moderna/index.php/Admin/Product/deletePic/id/2
INFO: [ app_init ] --START--
INFO: Run Behavior\BuildLiteBehavior [ RunTime:0.000000s ]
INFO: [ app_init ] --END-- [ RunTime:0.001000s ]
INFO: [ app_begin ] --START--
INFO: Run Behavior\ReadHtmlCacheBehavior [ RunTime:0.001000s ]
INFO: [ app_begin ] --END-- [ RunTime:0.001000s ]
SQL: SHOW COLUMNS FROM `xw_product` [ RunTime:0.0020s ]
SQL: SELECT * FROM `xw_product` WHERE `id` = 2 LIMIT 1   [ RunTime:0.0000s ]
NOTIC: [2] unlink(./Uploads/2016-04-27/5720cf2a97444.jpg): No such file or directory D:\wamp\www\Moderna\bili\Admin\Controller\ProductController.class.php 第 83 行.
INFO: [ app_end ] --START--
INFO: Run Behavior\ShowPageTraceBehavior [ RunTime:0.000000s ]
INFO: [ app_end ] --END-- [ RunTime:0.002000s ]

[ 2016-04-28T23:57:57+08:00 ] ::1 /Moderna/index.php/Admin/Product/deletePic/id/2
INFO: [ app_init ] --START--
INFO: Run Behavior\BuildLiteBehavior [ RunTime:0.000000s ]
INFO: [ app_init ] --END-- [ RunTime:0.001000s ]
INFO: [ app_begin ] --START--
INFO: Run Behavior\ReadHtmlCacheBehavior [ RunTime:0.000000s ]
INFO: [ app_begin ] --END-- [ RunTime:0.001000s ]
SQL: SHOW COLUMNS FROM `xw_product` [ RunTime:0.0020s ]
SQL: SELECT * FROM `xw_product` WHERE `id` = 2 LIMIT 1   [ RunTime:0.0000s ]
NOTIC: [2] unlink(./Uploads/2016-04-27/5720cf2a97444.jpg): No such file or directory D:\wamp\www\Moderna\bili\Admin\Controller\ProductController.class.php 第 83 行.
INFO: [ app_end ] --START--
INFO: Run Behavior\ShowPageTraceBehavior [ RunTime:0.000000s ]
INFO: [ app_end ] --END-- [ RunTime:0.001000s ]

[ 2016-04-28T23:58:23+08:00 ] ::1 /Moderna/index.php/Admin/Product/deletePic/id/2
INFO: [ app_init ] --START--
INFO: Run Behavior\BuildLiteBehavior [ RunTime:0.000000s ]
INFO: [ app_init ] --END-- [ RunTime:0.001000s ]
INFO: [ app_begin ] --START--
INFO: Run Behavior\ReadHtmlCacheBehavior [ RunTime:0.000000s ]
INFO: [ app_begin ] --END-- [ RunTime:0.002000s ]
SQL: SHOW COLUMNS FROM `xw_product` [ RunTime:0.0020s ]
SQL: SELECT * FROM `xw_product` WHERE `id` = 2 LIMIT 1   [ RunTime:0.0010s ]
INFO: [ app_end ] --START--
INFO: Run Behavior\ShowPageTraceBehavior [ RunTime:0.001001s ]
INFO: [ app_end ] --END-- [ RunTime:0.001001s ]

