[ 2016-04-26T22:13:58+08:00 ] ::1 /Moderna/index.php/GROUP_NAME/Category/addCate/pid/1
INFO: [ app_init ] --START--
INFO: Run Behavior\BuildLiteBehavior [ RunTime:0.000000s ]
INFO: [ app_init ] --END-- [ RunTime:0.001000s ]
ERR: 无法加载模块:GROUP_NAME

[ 2016-04-26T22:40:43+08:00 ] ::1 /Moderna/index.php/Moderna/bili/Public/404.html
INFO: [ app_init ] --START--
INFO: Run Behavior\BuildLiteBehavior [ RunTime:0.000000s ]
INFO: [ app_init ] --END-- [ RunTime:0.001000s ]
ERR: 无法加载模块:Moderna

[ 2016-04-26T22:40:44+08:00 ] ::1 /Moderna/index.php/Moderna/bili/Public/404.html
INFO: [ app_init ] --START--
INFO: Run Behavior\BuildLiteBehavior [ RunTime:0.000000s ]
INFO: [ app_init ] --END-- [ RunTime:0.000000s ]
ERR: 无法加载模块:Moderna

[ 2016-04-26T22:41:07+08:00 ] ::1 /Moderna/index.php/Moderna/bili/Public/404.html
INFO: [ app_init ] --START--
INFO: Run Behavior\BuildLiteBehavior [ RunTime:0.000000s ]
INFO: [ app_init ] --END-- [ RunTime:0.002000s ]
ERR: 无法加载模块:Moderna

[ 2016-04-26T22:41:07+08:00 ] ::1 /Moderna/index.php/Moderna/bili/Public/404.html
INFO: [ app_init ] --START--
INFO: Run Behavior\BuildLiteBehavior [ RunTime:0.000000s ]
INFO: [ app_init ] --END-- [ RunTime:0.001000s ]
ERR: 无法加载模块:Moderna

[ 2016-04-26T22:41:08+08:00 ] ::1 /Moderna/index.php/Moderna/bili/Public/404.html
INFO: [ app_init ] --START--
INFO: Run Behavior\BuildLiteBehavior [ RunTime:0.000000s ]
INFO: [ app_init ] --END-- [ RunTime:0.001000s ]
ERR: 无法加载模块:Moderna

[ 2016-04-26T22:41:08+08:00 ] ::1 /Moderna/index.php/Moderna/bili/Public/404.html
INFO: [ app_init ] --START--
INFO: Run Behavior\BuildLiteBehavior [ RunTime:0.000000s ]
INFO: [ app_init ] --END-- [ RunTime:0.001000s ]
ERR: 无法加载模块:Moderna

[ 2016-04-26T22:41:08+08:00 ] ::1 /Moderna/index.php/Moderna/bili/Public/404.html
INFO: [ app_init ] --START--
INFO: Run Behavior\BuildLiteBehavior [ RunTime:0.000000s ]
INFO: [ app_init ] --END-- [ RunTime:0.001000s ]
ERR: 无法加载模块:Moderna

[ 2016-04-26T22:41:15+08:00 ] ::1 /Moderna/index.php/bili/Public/404.html
INFO: [ app_init ] --START--
INFO: Run Behavior\BuildLiteBehavior [ RunTime:0.001000s ]
INFO: [ app_init ] --END-- [ RunTime:0.001000s ]
ERR: 无法加载模块:Bili

[ 2016-04-26T22:42:39+08:00 ] ::1 /Moderna/index.php/bili/Public/404.html
INFO: [ app_init ] --START--
INFO: Run Behavior\BuildLiteBehavior [ RunTime:0.000000s ]
INFO: [ app_init ] --END-- [ RunTime:0.001000s ]
ERR: 无法加载模块:Bili

